<?xml version="1.0" encoding="UTF-8"?>
<!-- Generated by org.testng.reporters.JUnitReportReporter -->
<testsuite skipped="0" hostname="DESKTOP-KBG7AUO" name="org.venkat.test.APITest" tests="4" failures="0" timestamp="22 Nov 2018 02:41:42 GMT" time="6.403" errors="0">
  <testcase name="verifyListOfBreeds" time="4.489" classname="org.venkat.test.APITest"/>
  <testcase name="verifyRetrieverIsInList" time="0.661" classname="org.venkat.test.APITest"/>
  <testcase name="verifySubBreedRandomImage" time="0.636" classname="org.venkat.test.APITest"/>
  <testcase name="verifyRetrieverSubBreed" time="0.617" classname="org.venkat.test.APITest"/>
</testsuite> <!-- org.venkat.test.APITest -->
